<?xml version="1.0" encoding="UTF-8"?>
<!-- Generated by org.testng.reporters.JUnitXMLReporter -->
<testsuite hostname="CTL-16" name="FrameworkUnitTest" tests="6" failures="0" timestamp="2 Feb 2018 08:30:42 GMT" time="6.965" errors="0">
  <testcase name="testIE" time="2.709" classname="unitTest.BrowserFactoryTest"/>
  <testcase name="testchrome" time="3.767" classname="unitTest.BrowserFactoryTest"/>
  <testcase name="testConfigDataProvider" time="0.002" classname="unitTest.DataProviderTest"/>
  <testcase name="testExcelDataProvider" time="0.445" classname="unitTest.DataProviderTest"/>
  <testcase name="testgetConfigObject" time="0.001" classname="unitTest.DataProviderFactoryTest"/>
  <testcase name="testgetExcelObject" time="0.027" classname="unitTest.DataProviderFactoryTest"/>
</testsuite> <!-- FrameworkUnitTest -->
