<?xml version="1.0" encoding="UTF-8"?>
<!-- Generated by org.testng.reporters.JUnitXMLReporter -->
<testsuite hostname="CTL-16" name="FrameworkUnitTest" tests="6" failures="0" timestamp="2 Feb 2018 07:28:48 GMT" time="7.748" errors="0">
  <testcase name="testIE" time="2.951" classname="unitTest.BrowserFactoryTest"/>
  <testcase name="testchrome" time="4.282" classname="unitTest.BrowserFactoryTest"/>
  <testcase name="testConfigDataProvider" time="0.002" classname="unitTest.DataProviderTest"/>
  <testcase name="testExcelDataProvider" time="0.46" classname="unitTest.DataProviderTest"/>
  <testcase name="testgetConfigObject" time="0.001" classname="unitTest.DataProviderFactoryTest"/>
  <testcase name="testgetExcelObject" time="0.037" classname="unitTest.DataProviderFactoryTest"/>
</testsuite> <!-- FrameworkUnitTest -->
