<?xml version="1.0" encoding="UTF-8"?>
<testsuite xmlns:xsi="http://www.w3.org/2001/XMLSchema-instance" xsi:schemaLocation="https://maven.apache.org/surefire/maven-surefire-plugin/xsd/surefire-test-report.xsd" name="TestSuite" time="13.916" tests="7" errors="0" skipped="0" failures="1">
  <properties>
[...]
</properties>
  <testcase name="testFirefox" classname="unitTest.BrowserFactoryTest" time="5.779">
    <failure message="Failed to find width field&#10;Build info: version: &apos;3.6.0&apos;, revision: &apos;6fbf3ec767&apos;, time: &apos;2017-09-27T15:28:36.4Z&apos;&#10;System info: host: &apos;CTL-16&apos;, ip: &apos;192.168.31.2&apos;, os.name: &apos;Windows 10&apos;, os.arch: &apos;amd64&apos;, os.version: &apos;10.0&apos;, java.version: &apos;1.8.0_121&apos;&#10;Driver info: org.openqa.selenium.firefox.FirefoxDriver&#10;Capabilities [{moz:profile=C:\Users\Admin\AppData\Local\Temp\rust_mozprofile.iZC9JbGZPlme, rotatable=false, timeouts={implicit=0, pageLoad=300000, script=30000}, pageLoadStrategy=normal, platform=XP, specificationLevel=0, moz:accessibilityChecks=false, acceptInsecureCerts=true, browserVersion=54.0.1, platformVersion=10.0, moz:processID=17244, browserName=firefox, javascriptEnabled=true, platformName=XP}]&#10;Session ID: 64b9137a-d6e9-4d50-993d-a031cdb680b2" type="org.openqa.selenium.WebDriverException">org.openqa.selenium.WebDriverException: 
Failed to find width field
Build info: version: '3.6.0', revision: '6fbf3ec767', time: '2017-09-27T15:28:36.4Z'
System info: host: 'CTL-16', ip: '192.168.31.2', os.name: 'Windows 10', os.arch: 'amd64', os.version: '10.0', java.version: '1.8.0_121'
Driver info: org.openqa.selenium.firefox.FirefoxDriver
Capabilities [{moz:profile=C:\Users\Admin\AppData\Local\Temp\rust_mozprofile.iZC9JbGZPlme, rotatable=false, timeouts={implicit=0, pageLoad=300000, script=30000}, pageLoadStrategy=normal, platform=XP, specificationLevel=0, moz:accessibilityChecks=false, acceptInsecureCerts=true, browserVersion=54.0.1, platformVersion=10.0, moz:processID=17244, browserName=firefox, javascriptEnabled=true, platformName=XP}]
Session ID: 64b9137a-d6e9-4d50-993d-a031cdb680b2
	at unitTest.BrowserFactoryTest.testFirefox(BrowserFactoryTest.java:14)
</failure>
    <system-err><![CDATA[1517235062534	geckodriver	INFO	geckodriver 0.19.1
1517235062543	geckodriver	INFO	Listening on 127.0.0.1:18259
1517235063240	mozrunner::runner	INFO	Running command: "C:\\Program Files\\Mozilla Firefox\\firefox.exe" "-marionette" "-profile" "C:\\Users\\Admin\\AppData\\Local\\Temp\\rust_mozprofile.iZC9JbGZPlme"
1517235067193	Marionette	INFO	Listening on port 57085
1517235067573	Marionette	WARN	TLS certificate errors will be ignored for this session
Jan 29, 2018 7:41:07 PM org.openqa.selenium.remote.ProtocolHandshake createSession
INFO: Detected dialect: W3C
]]></system-err>
  </testcase>
  <testcase name="testIE" classname="unitTest.BrowserFactoryTest" time="2.293"/>
  <testcase name="testchrome" classname="unitTest.BrowserFactoryTest" time="4.67"/>
  <testcase name="testConfigDataProvider" classname="unitTest.DataProviderTest" time="0.001"/>
  <testcase name="testExcelDataProvider" classname="unitTest.DataProviderTest" time="0.496"/>
  <testcase name="testgetConfigObject" classname="unitTest.DataProviderFactoryTest" time="0.001"/>
  <testcase name="testgetExcelObject" classname="unitTest.DataProviderFactoryTest" time="0.034"/>
</testsuite>