<?xml version="1.0" encoding="UTF-8"?>
<testng-results skipped="0" failed="1" total="7" passed="6">
  <reporter-output>
  </reporter-output>
  <suite name="UnitTests" duration-ms="13289" started-at="2018-01-29T14:11:01Z" finished-at="2018-01-29T14:11:15Z">
    <groups>
    </groups>
    <test name="FrameworkUnitTest" duration-ms="13289" started-at="2018-01-29T14:11:01Z" finished-at="2018-01-29T14:11:15Z">
      <class name="unitTest.BrowserFactoryTest">
        <test-method status="FAIL" signature="testFirefox()[pri:0, instance:unitTest.BrowserFactoryTest@64616ca2]" name="testFirefox" duration-ms="5767" started-at="2018-01-29T19:41:01Z" finished-at="2018-01-29T19:41:07Z">
          <exception class="org.openqa.selenium.WebDriverException">
            <message>
              <![CDATA[Failed to find width field
Build info: version: '3.6.0', revision: '6fbf3ec767', time: '2017-09-27T15:28:36.4Z'
System info: host: 'CTL-16', ip: '192.168.31.2', os.name: 'Windows 10', os.arch: 'amd64', os.version: '10.0', java.version: '1.8.0_121'
Driver info: org.openqa.selenium.firefox.FirefoxDriver
Capabilities [{moz:profile=C:\Users\Admin\AppData\Local\Temp\rust_mozprofile.iZC9JbGZPlme, rotatable=false, timeouts={implicit=0, pageLoad=300000, script=30000}, pageLoadStrategy=normal, platform=XP, specificationLevel=0, moz:accessibilityChecks=false, acceptInsecureCerts=true, browserVersion=54.0.1, platformVersion=10.0, moz:processID=17244, browserName=firefox, javascriptEnabled=true, platformName=XP}]
Session ID: 64b9137a-d6e9-4d50-993d-a031cdb680b2]]>
            </message>
            <full-stacktrace>
              <![CDATA[org.openqa.selenium.WebDriverException: Failed to find width field
Build info: version: '3.6.0', revision: '6fbf3ec767', time: '2017-09-27T15:28:36.4Z'
System info: host: 'CTL-16', ip: '192.168.31.2', os.name: 'Windows 10', os.arch: 'amd64', os.version: '10.0', java.version: '1.8.0_121'
Driver info: org.openqa.selenium.firefox.FirefoxDriver
Capabilities [{moz:profile=C:\Users\Admin\AppData\Local\Temp\rust_mozprofile.iZC9JbGZPlme, rotatable=false, timeouts={implicit=0, pageLoad=300000, script=30000}, pageLoadStrategy=normal, platform=XP, specificationLevel=0, moz:accessibilityChecks=false, acceptInsecureCerts=true, browserVersion=54.0.1, platformVersion=10.0, moz:processID=17244, browserName=firefox, javascriptEnabled=true, platformName=XP}]
Session ID: 64b9137a-d6e9-4d50-993d-a031cdb680b2
	at sun.reflect.NativeConstructorAccessorImpl.newInstance0(Native Method)
	at sun.reflect.NativeConstructorAccessorImpl.newInstance(NativeConstructorAccessorImpl.java:62)
	at sun.reflect.DelegatingConstructorAccessorImpl.newInstance(DelegatingConstructorAccessorImpl.java:45)
	at java.lang.reflect.Constructor.newInstance(Constructor.java:423)
	at org.openqa.selenium.remote.http.W3CHttpResponseCodec.createException(W3CHttpResponseCodec.java:185)
	at org.openqa.selenium.remote.http.W3CHttpResponseCodec.decode(W3CHttpResponseCodec.java:120)
	at org.openqa.selenium.remote.http.W3CHttpResponseCodec.decode(W3CHttpResponseCodec.java:49)
	at org.openqa.selenium.remote.HttpCommandExecutor.execute(HttpCommandExecutor.java:164)
	at org.openqa.selenium.remote.service.DriverCommandExecutor.execute(DriverCommandExecutor.java:83)
	at org.openqa.selenium.remote.RemoteWebDriver.execute(RemoteWebDriver.java:586)
	at org.openqa.selenium.remote.RemoteWebDriver.execute(RemoteWebDriver.java:643)
	at org.openqa.selenium.remote.RemoteWebDriver$RemoteWebDriverOptions$RemoteWindow.maximize(RemoteWebDriver.java:877)
	at factory.BrowserFactory.getBrowser(BrowserFactory.java:41)
	at unitTest.BrowserFactoryTest.testFirefox(BrowserFactoryTest.java:14)
	at sun.reflect.NativeMethodAccessorImpl.invoke0(Native Method)
	at sun.reflect.NativeMethodAccessorImpl.invoke(NativeMethodAccessorImpl.java:62)
	at sun.reflect.DelegatingMethodAccessorImpl.invoke(DelegatingMethodAccessorImpl.java:43)
	at java.lang.reflect.Method.invoke(Method.java:498)
	at org.testng.internal.MethodInvocationHelper.invokeMethod(MethodInvocationHelper.java:86)
	at org.testng.internal.Invoker.invokeMethod(Invoker.java:643)
	at org.testng.internal.Invoker.invokeTestMethod(Invoker.java:820)
	at org.testng.internal.Invoker.invokeTestMethods(Invoker.java:1128)
	at org.testng.internal.TestMethodWorker.invokeTestMethods(TestMethodWorker.java:129)
	at org.testng.internal.TestMethodWorker.run(TestMethodWorker.java:112)
	at org.testng.TestRunner.privateRun(TestRunner.java:782)
	at org.testng.TestRunner.run(TestRunner.java:632)
	at org.testng.SuiteRunner.runTest(SuiteRunner.java:366)
	at org.testng.SuiteRunner.runSequentially(SuiteRunner.java:361)
	at org.testng.SuiteRunner.privateRun(SuiteRunner.java:319)
	at org.testng.SuiteRunner.run(SuiteRunner.java:268)
	at org.testng.SuiteRunnerWorker.runSuite(SuiteRunnerWorker.java:52)
	at org.testng.SuiteRunnerWorker.run(SuiteRunnerWorker.java:86)
	at org.testng.TestNG.runSuitesSequentially(TestNG.java:1244)
	at org.testng.TestNG.runSuitesLocally(TestNG.java:1169)
	at org.testng.TestNG.run(TestNG.java:1064)
	at org.apache.maven.surefire.testng.TestNGExecutor.run(TestNGExecutor.java:281)
	at org.apache.maven.surefire.testng.TestNGXmlTestSuite.execute(TestNGXmlTestSuite.java:75)
	at org.apache.maven.surefire.testng.TestNGProvider.invoke(TestNGProvider.java:121)
	at org.apache.maven.surefire.booter.ForkedBooter.invokeProviderInSameClassLoader(ForkedBooter.java:290)
	at org.apache.maven.surefire.booter.ForkedBooter.runSuitesInProcess(ForkedBooter.java:242)
	at org.apache.maven.surefire.booter.ForkedBooter.main(ForkedBooter.java:121)
]]>
            </full-stacktrace>
          </exception> <!-- org.openqa.selenium.WebDriverException -->
          <reporter-output>
          </reporter-output>
        </test-method> <!-- testFirefox -->
        <test-method status="PASS" signature="testIE()[pri:0, instance:unitTest.BrowserFactoryTest@64616ca2]" name="testIE" duration-ms="2295" started-at="2018-01-29T19:41:07Z" finished-at="2018-01-29T19:41:09Z">
          <reporter-output>
          </reporter-output>
        </test-method> <!-- testIE -->
        <test-method status="PASS" signature="testchrome()[pri:0, instance:unitTest.BrowserFactoryTest@64616ca2]" name="testchrome" duration-ms="4669" started-at="2018-01-29T19:41:09Z" finished-at="2018-01-29T19:41:14Z">
          <reporter-output>
          </reporter-output>
        </test-method> <!-- testchrome -->
      </class> <!-- unitTest.BrowserFactoryTest -->
      <class name="unitTest.DataProviderFactoryTest">
        <test-method status="PASS" signature="testgetConfigObject()[pri:0, instance:unitTest.DataProviderFactoryTest@17550481]" name="testgetConfigObject" duration-ms="1" started-at="2018-01-29T19:41:15Z" finished-at="2018-01-29T19:41:15Z">
          <reporter-output>
          </reporter-output>
        </test-method> <!-- testgetConfigObject -->
        <test-method status="PASS" signature="testgetExcelObject()[pri:0, instance:unitTest.DataProviderFactoryTest@17550481]" name="testgetExcelObject" duration-ms="33" started-at="2018-01-29T19:41:15Z" finished-at="2018-01-29T19:41:15Z">
          <reporter-output>
          </reporter-output>
        </test-method> <!-- testgetExcelObject -->
      </class> <!-- unitTest.DataProviderFactoryTest -->
      <class name="unitTest.DataProviderTest">
        <test-method status="PASS" signature="testConfigDataProvider()[pri:0, instance:unitTest.DataProviderTest@783e6358]" name="testConfigDataProvider" duration-ms="2" started-at="2018-01-29T19:41:14Z" finished-at="2018-01-29T19:41:14Z">
          <reporter-output>
          </reporter-output>
        </test-method> <!-- testConfigDataProvider -->
        <test-method status="PASS" signature="testExcelDataProvider()[pri:0, instance:unitTest.DataProviderTest@783e6358]" name="testExcelDataProvider" duration-ms="496" started-at="2018-01-29T19:41:14Z" finished-at="2018-01-29T19:41:15Z">
          <reporter-output>
          </reporter-output>
        </test-method> <!-- testExcelDataProvider -->
      </class> <!-- unitTest.DataProviderTest -->
    </test> <!-- FrameworkUnitTest -->
  </suite> <!-- UnitTests -->
</testng-results>
